0 info it worked if it ends with ok
1 verbose cli [ '/usr/local/bin/node', '/usr/local/bin/npm', 'start' ]
2 info using npm@4.1.2
3 info using node@v7.6.0
4 verbose run-script [ 'prestart', 'start', 'poststart' ]
5 info lifecycle mean-lineman@1.0.0~prestart: mean-lineman@1.0.0
6 silly lifecycle mean-lineman@1.0.0~prestart: no script for prestart, continuing
7 info lifecycle mean-lineman@1.0.0~start: mean-lineman@1.0.0
8 verbose lifecycle mean-lineman@1.0.0~start: unsafe-perm in lifecycle true
9 verbose lifecycle mean-lineman@1.0.0~start: PATH: /usr/local/lib/node_modules/npm/bin/node-gyp-bin:/Users/micheldomingos/Desktop/LA-LOUPE/la-loupe-0217-in-my-fridge/node_modules/.bin:/Users/micheldomingos/.rvm/gems/ruby-2.4.0/bin:/Users/micheldomingos/.rvm/gems/ruby-2.4.0@global/bin:/Users/micheldomingos/.rvm/rubies/ruby-2.4.0/bin:/usr/local/bin:/usr/bin:/bin:/usr/sbin:/sbin:/opt/X11/bin:/usr/local/MacGPG2/bin:/Users/micheldomingos/.rvm/bin
10 verbose lifecycle mean-lineman@1.0.0~start: CWD: /Users/micheldomingos/Desktop/LA-LOUPE/la-loupe-0217-in-my-fridge
11 silly lifecycle mean-lineman@1.0.0~start: Args: [ '-c', 'lineman run' ]
12 info lifecycle mean-lineman@1.0.0~start: Failed to exec start script
13 verbose stack Error: mean-lineman@1.0.0 start: `lineman run`
13 verbose stack spawn ENOENT
13 verbose stack     at ChildProcess.<anonymous> (/usr/local/lib/node_modules/npm/lib/utils/spawn.js:33:16)
13 verbose stack     at emitTwo (events.js:106:13)
13 verbose stack     at ChildProcess.emit (events.js:192:7)
13 verbose stack     at maybeClose (internal/child_process.js:890:16)
13 verbose stack     at Process.ChildProcess._handle.onexit (internal/child_process.js:226:5)
14 verbose pkgid mean-lineman@1.0.0
15 verbose cwd /Users/micheldomingos/Desktop/LA-LOUPE/la-loupe-0217-in-my-fridge
16 error Darwin 15.6.0
17 error argv "/usr/local/bin/node" "/usr/local/bin/npm" "start"
18 error node v7.6.0
19 error npm  v4.1.2
20 error file sh
21 error code ELIFECYCLE
22 error errno ENOENT
23 error syscall spawn
24 error mean-lineman@1.0.0 start: `lineman run`
24 error spawn ENOENT
25 error Failed at the mean-lineman@1.0.0 start script 'lineman run'.
25 error Make sure you have the latest version of node.js and npm installed.
25 error If you do, this is most likely a problem with the mean-lineman package,
25 error not with npm itself.
25 error Tell the author that this fails on your system:
25 error     lineman run
25 error You can get information on how to open an issue for this project with:
25 error     npm bugs mean-lineman
25 error Or if that isn't available, you can get their info via:
25 error     npm owner ls mean-lineman
25 error There is likely additional logging output above.
26 verbose exit [ 1, true ]
